<?xml version="1.0" encoding="UTF-8"?>
<!-- Generated by org.testng.reporters.JUnitXMLReporter -->
<testsuite ignored="0" hostname="DESKTOP-MFILMAC" failures="0" tests="4" name="GRP-Sanity,Regression" time="0.056" errors="0" timestamp="2022-06-05T00:01:32 PDT">
  <testcase classname="Demo.TestNGGroupsDemo" name="test1" time="0.006"/>
  <testcase classname="Demo.TestNGGroupsDemo" name="test2" time="0.003"/>
  <testcase classname="Demo.TestNGGroupsDemo" name="test3" time="0.001"/>
  <testcase classname="Demo.TestNGGroupsDemo" name="test4" time="0.001"/>
</testsuite> <!-- GRP-Sanity,Regression -->
